<?xml version="1.0" encoding="UTF-8"?>
<!-- Generated by org.testng.reporters.JUnitReportReporter -->
<testsuite hostname="LAPTOP-Q127V2HG" failures="0" tests="4" name="TestRunner.CucumberTestRunnerForTags" time="0.069" errors="0" timestamp="2024-01-10T17:50:56 GMT+08:00" skipped="0">
  <testcase classname="TestRunner.CucumberTestRunnerForTags" name="runScenario" time="0.003"/>
  <testcase classname="TestRunner.CucumberTestRunnerForTags" name="runScenario" time="0.060"/>
  <testcase classname="TestRunner.CucumberTestRunnerForTags" name="runScenario" time="0.003"/>
  <testcase classname="TestRunner.CucumberTestRunnerForTags" name="runScenario" time="0.003"/>
</testsuite> <!-- TestRunner.CucumberTestRunnerForTags -->
