<?xml version="1.0" encoding="UTF-8"?>
<!-- Generated by org.testng.reporters.JUnitReportReporter -->
<testsuite hostname="LAPTOP-Q127V2HG" failures="0" tests="1" name="TestRunner.CucumberTestRunner" time="7.714" errors="0" timestamp="2024-01-10T17:50:42 GMT+08:00" skipped="0">
  <testcase classname="TestRunner.CucumberTestRunner" name="runScenario" time="7.714"/>
</testsuite> <!-- TestRunner.CucumberTestRunner -->
